 INFO  Accepting connections at http://localhost:3000
 HTTP  6/17/2026 5:47:16 AM ::1 GET /
 HTTP  6/17/2026 5:47:16 AM ::1 Returned 200 in 22 ms
 HTTP  6/17/2026 5:47:16 AM ::1 GET /src/main.js
 HTTP  6/17/2026 5:47:16 AM ::1 Returned 200 in 5 ms
 HTTP  6/17/2026 5:47:16 AM ::1 GET /src/core/EventBus.js
 HTTP  6/17/2026 5:47:16 AM ::1 GET /src/core/InputManager.js
 HTTP  6/17/2026 5:47:16 AM ::1 GET /src/core/SceneManager.js
 HTTP  6/17/2026 5:47:16 AM ::1 GET /src/utils/AssetLoader.js
 HTTP  6/17/2026 5:47:16 AM ::1 GET /src/levels/LevelLoader.js
 HTTP  6/17/2026 5:47:16 AM ::1 GET /src/ui/HUD.js
 HTTP  6/17/2026 5:47:16 AM ::1 Returned 200 in 5 ms
 HTTP  6/17/2026 5:47:16 AM ::1 Returned 200 in 6 ms
 HTTP  6/17/2026 5:47:16 AM ::1 Returned 200 in 6 ms
 HTTP  6/17/2026 5:47:16 AM ::1 Returned 200 in 7 ms
 HTTP  6/17/2026 5:47:16 AM ::1 Returned 200 in 6 ms
 HTTP  6/17/2026 5:47:16 AM ::1 Returned 200 in 6 ms
 HTTP  6/17/2026 5:47:16 AM ::1 GET /src/ui/MainMenu.js
 HTTP  6/17/2026 5:47:16 AM ::1 Returned 200 in 5 ms
 HTTP  6/17/2026 5:47:16 AM ::1 GET /src/ui/PauseMenu.js
 HTTP  6/17/2026 5:47:16 AM ::1 GET /src/utils/Constants.js
 HTTP  6/17/2026 5:47:16 AM ::1 Returned 200 in 4 ms
 HTTP  6/17/2026 5:47:16 AM ::1 Returned 200 in 4 ms
 HTTP  6/17/2026 5:47:16 AM ::1 GET /src/entities/Player.js
 HTTP  6/17/2026 5:47:16 AM ::1 GET /src/entities/PuzzleBlock.js
 HTTP  6/17/2026 5:47:16 AM ::1 GET /src/entities/Collectible.js
 HTTP  6/17/2026 5:47:16 AM ::1 GET /src/entities/Door.js
 HTTP  6/17/2026 5:47:16 AM ::1 GET /src/entities/Trigger.js
 HTTP  6/17/2026 5:47:16 AM ::1 Returned 200 in 6 ms
 HTTP  6/17/2026 5:47:16 AM ::1 Returned 200 in 4 ms
 HTTP  6/17/2026 5:47:16 AM ::1 Returned 200 in 4 ms
 HTTP  6/17/2026 5:47:16 AM ::1 Returned 200 in 4 ms
 HTTP  6/17/2026 5:47:16 AM ::1 Returned 200 in 5 ms
 HTTP  6/17/2026 5:47:21 AM ::1 GET /src/levels/level01.json
 HTTP  6/17/2026 5:47:21 AM ::1 Returned 200 in 2 ms

 INFO  Gracefully shutting down. Please wait...
